  LSM.cpp
E:\Projects\NumMethods\LR7\LR7\LSM.cpp(92,12): warning C4267: инициализация: преобразование из "size_t" в "int"; возможна потеря данных
E:\Projects\NumMethods\LR7\LR7\LSM.cpp(109,11): warning C4267: инициализация: преобразование из "size_t" в "int"; возможна потеря данных
E:\Projects\NumMethods\LR7\LR7\LSM.cpp(115,19): warning C4244: +=: преобразование "double" в "float", возможна потеря данных
E:\Projects\NumMethods\LR7\LR7\LSM.cpp(156,11): warning C4267: инициализация: преобразование из "size_t" в "int"; возможна потеря данных
E:\Projects\NumMethods\LR7\LR7\LSM.cpp(191,11): warning C4267: инициализация: преобразование из "size_t" в "int"; возможна потеря данных
E:\Projects\NumMethods\LR7\LR7\LSM.cpp(246,11): warning C4267: инициализация: преобразование из "size_t" в "int"; возможна потеря данных
E:\Projects\NumMethods\LR7\LR7\LSM.cpp(253,18): warning C4244: +=: преобразование "double" в "float", возможна потеря данных
E:\Projects\NumMethods\LR7\LR7\LSM.cpp(290,11): warning C4267: инициализация: преобразование из "size_t" в "int"; возможна потеря данных
E:\Projects\NumMethods\LR7\LR7\LSM.cpp(297,16): warning C4244: +=: преобразование "double" в "float", возможна потеря данных
E:\Projects\NumMethods\LR7\LR7\LSM.cpp(334,11): warning C4267: инициализация: преобразование из "size_t" в "int"; возможна потеря данных
E:\Projects\NumMethods\LR7\LR7\LSM.cpp(341,18): warning C4244: +=: преобразование "double" в "float", возможна потеря данных
E:\Projects\NumMethods\LR7\LR7\LSM.cpp(369,11): warning C4267: инициализация: преобразование из "size_t" в "int"; возможна потеря данных
E:\Projects\NumMethods\LR7\LR7\LSM.cpp(404,11): warning C4267: инициализация: преобразование из "size_t" в "int"; возможна потеря данных
E:\Projects\NumMethods\LR7\LR7\LSM.cpp(439,11): warning C4267: инициализация: преобразование из "size_t" в "int"; возможна потеря данных
E:\Projects\NumMethods\LR7\LR7\LSM.cpp(484,8): warning C4267: инициализация: преобразование из "size_t" в "int"; возможна потеря данных
E:\Projects\NumMethods\LR7\LR7\LSM.cpp(524,8): warning C4267: инициализация: преобразование из "size_t" в "int"; возможна потеря данных
E:\Projects\NumMethods\LR7\LR7\LSM.cpp(559,9): warning C4267: инициализация: преобразование из "size_t" в "int"; возможна потеря данных
E:\Projects\NumMethods\LR7\LR7\LSM.cpp(566,14): warning C4244: инициализация: преобразование "double" в "int", возможна потеря данных
E:\Projects\NumMethods\LR7\LR7\LSM.cpp(577,11): warning C4267: инициализация: преобразование из "size_t" в "int"; возможна потеря данных
E:\Projects\NumMethods\LR7\LR7\LSM.cpp(578,11): warning C4267: инициализация: преобразование из "size_t" в "int"; возможна потеря данных
E:\Projects\NumMethods\LR7\LR7\LSM.cpp(579,11): warning C4267: инициализация: преобразование из "size_t" в "int"; возможна потеря данных
E:\Projects\NumMethods\LR7\LR7\LSM.cpp(580,11): warning C4267: инициализация: преобразование из "size_t" в "int"; возможна потеря данных
  LR7.vcxproj -> E:\Projects\NumMethods\LR7\x64\Debug\LR7.exe
